NinaMartila 20 3072
RikiSukmawan 20 6881
MuhammadSatrioWicaksono 19 7113
MeikeRachmayanti 18 5778
AhmadSufyanAtstsauri 18 8651
RonyNatakusumah 18 9205
HelmiFauzi 17 87
MuhamadIsmail 17 3011
MuhammadImamFauzan 16 5900
IrfanMuhammadWildani 16 6228
HizrawanDwiOka 16 8669
MuhammadFirizkiEmsa 15 1622
DevyAzkiaPutri 15 4407
AuliyaRakaPratama 15 9799
MaulanaKahfi 13 521
RivaldiRidhlaJulviar 12 5421
MutiaraTrieAprilian 11 6203
MuhammadFaqih 11 7721
DhafinKawakibi 10 3600
MuhammadAuliaRahman 10 4219
RizkyAhmadFirdaus 10 7317
Willy 9 1732
RinaldyPasya 9 2345
FadhlanRidhwanallah 9 9147
InsanFAthoriq 9 9692
HadiartoB 8 1074
KhubaibSyahidAbdulhaq 8 5104
MuhammadTaufiqPratama 8 5320
FreenandoR 8 6046
NoviaSukmasariPutri 8 8455
GilangIlhamRamadhan 8 9113
RisaAprilia 7 6304
IrsadHarfiansahS. 7 9358
MuhajirShiddiqAlFaruqi 7 9682
AlfiTaufiqRamdani 6 5734
EkaFitriyahAgustin 6 8681
IrmawatiIndriani 6 8961
GalihAyuKinanti 5 969
MuhammadHusainFadhlullah 5 6697
OktavianiPuspitaPuspasari 5 7328
IrpanPadillah 5 7706
SyifanaNurahmi 5 9030
MuhammadIqbal 4 4747
AkhmadNawawi 3 5241
RenaldyRizkiMaulana 3 6778
NadaDwiNurafifah 3 7832
GitaSucianaRamadhanty 3 9557
MilzamZihni 2 612
PanjiSeptyan 2 7270
HerdhiantokoFathaniSandra 1 2745
