13254768
13254867
13264758
13264857
13265748
13265847
13274658
13274856
13275648
13275846
13276845
13284657
13284756
13285647
13285746
13286745
14253768
14253867
14263758
14263857
14265738
14265837
14273658
14273856
14275638
14275836
14276835
14283657
14283756
14285637
14285736
14286735
14352768
14352867
14362758
14362857
14365728
14365827
14372658
14372856
14375628
14375826
14376825
14382657
14382756
14385627
14385726
14386725
15243768
15243867
15263748
15263847
15264738
15264837
15273648
15273846
15274638
15274836
15276834
15283647
15283746
15284637
15284736
15286734
15342768
15342867
15362748
15362847
15364728
15364827
15372648
15372846
15374628
15374826
15376824
15382647
15382746
15384627
15384726
15386724
15462738
15462837
15463728
15463827
15472638
15472836
15473628
15473826
15476823
15482637
15482736
15483627
15483726
15486723
16243758
16243857
16253748
16253847
16254738
16254837
16273548
16273845
16274538
16274835
16275834
16283547
16283745
16284537
16284735
16285734
16342758
16342857
16352748
16352847
16354728
16354827
16372548
16372845
16374528
16374825
16375824
16382547
16382745
16384527
16384725
16385724
16452738
16452837
16453728
16453827
16472538
16472835
16473528
16473825
16475823
16482537
16482735
16483527
16483725
16485723
16572438
16572834
16573428
16573824
16574823
16582437
16582734
16583427
16583724
16584723
17243658
17243856
17253648
17253846
17254638
17254836
17263548
17263845
17264538
17264835
17265834
17283546
17283645
17284536
17284635
17285634
17342658
17342856
17352648
17352846
17354628
17354826
17362548
17362845
17364528
17364825
17365824
17382546
17382645
17384526
17384625
17385624
17452638
17452836
17453628
17453826
17462538
17462835
17463528
17463825
17465823
17482536
17482635
17483526
17483625
17485623
17562438
17562834
17563428
17563824
17564823
17582436
17582634
17583426
17583624
17584623
17682435
17682534
17683425
17683524
17684523
18243657
18243756
18253647
18253746
18254637
18254736
18263547
18263745
18264537
18264735
18265734
18273546
18273645
18274536
18274635
18275634
18342657
18342756
18352647
18352746
18354627
18354726
18362547
18362745
18364527
18364725
18365724
18372546
18372645
18374526
18374625
18375624
18452637
18452736
18453627
18453726
18462537
18462735
18463527
18463725
18465723
18472536
18472635
18473526
18473625
18475623
18562437
18562734
18563427
18563724
18564723
18572436
18572634
18573426
18573624
18574623
18672435
18672534
18673425
18673524
18674523
21436587
21437586
21437685
21438576
21438675
21536487
21537486
21537684
21538476
21538674
21546387
21547386
21547683
21548376
21548673
21635487
21637485
21637584
21638475
21638574
21645387
21647385
21647583
21648375
21648573
21657384
21657483
21658374
21658473
21735486
21736485
21736584
21738465
21738564
21745386
21746385
21746583
21748365
21748563
21756384
21756483
21758364
21758463
21768354
21768453
21835476
21836475
21836574
21837465
21837564
21845376
21846375
21846573
21847365
21847563
21856374
21856473
21857364
21857463
21867354
21867453
23154768
23154867
23164758
23164857
23165748
23165847
23174658
23174856
23175648
23175846
23176845
23184657
23184756
23185647
23185746
23186745
24153768
24153867
24163758
24163857
24165738
24165837
24173658
24173856
24175638
24175836
24176835
24183657
24183756
24185637
24185736
24186735
24351768
24351867
24361758
24361857
24365718
24365817
24371658
24371856
24375618
24375816
24376815
24381657
24381756
24385617
24385716
24386715
25143768
25143867
25163748
25163847
25164738
25164837
25173648
25173846
25174638
25174836
25176834
25183647
25183746
25184637
25184736
25186734
25341768
25341867
25361748
25361847
25364718
25364817
25371648
25371846
25374618
25374816
25376814
25381647
25381746
25384617
25384716
25386714
25461738
25461837
25463718
25463817
25471638
25471836
25473618
25473816
25476813
25481637
25481736
25483617
25483716
25486713
26143758
26143857
26153748
26153847
26154738
26154837
26173548
26173845
26174538
26174835
26175834
26183547
26183745
26184537
26184735
26185734
26341758
26341857
26351748
26351847
26354718
26354817
26371548
26371845
26374518
26374815
26375814
26381547
26381745
26384517
26384715
26385714
26451738
26451837
26453718
26453817
26471538
26471835
26473518
26473815
26475813
26481537
26481735
26483517
26483715
26485713
26571438
26571834
26573418
26573814
26574813
26581437
26581734
26583417
26583714
26584713
27143658
27143856
27153648
27153846
27154638
27154836
27163548
27163845
27164538
27164835
27165834
27183546
27183645
27184536
27184635
27185634
27341658
27341856
27351648
27351846
27354618
27354816
27361548
27361845
27364518
27364815
27365814
27381546
27381645
27384516
27384615
27385614
27451638
27451836
27453618
27453816
27461538
27461835
27463518
27463815
27465813
27481536
27481635
27483516
27483615
27485613
27561438
27561834
27563418
27563814
27564813
27581436
27581634
27583416
27583614
27584613
27681435
27681534
27683415
27683514
27684513
28143657
28143756
28153647
28153746
28154637
28154736
28163547
28163745
28164537
28164735
28165734
28173546
28173645
28174536
28174635
28175634
28341657
28341756
28351647
28351746
28354617
28354716
28361547
28361745
28364517
28364715
28365714
28371546
28371645
28374516
28374615
28375614
28451637
28451736
28453617
28453716
28461537
28461735
28463517
28463715
28465713
28471536
28471635
28473516
28473615
28475613
28561437
28561734
28563417
28563714
28564713
28571436
28571634
28573416
28573614
28574613
28671435
28671534
28673415
28673514
28674513
31426587
31427586
31427685
31428576
31428675
31526487
31527486
31527684
31528476
31528674
31546287
31547286
31547682
31548276
31548672
31625487
31627485
31627584
31628475
31628574
31645287
31647285
31647582
31648275
31648572
31657284
31657482
31658274
31658472
31725486
31726485
31726584
31728465
31728564
31745286
31746285
31746582
31748265
31748562
31756284
31756482
31758264
31758462
31768254
31768452
31825476
31826475
31826574
31827465
31827564
31845276
31846275
31846572
31847265
31847562
31856274
31856472
31857264
31857462
31867254
31867452
32416587
32417586
32417685
32418576
32418675
32516487
32517486
32517684
32518476
32518674
32546187
32547186
32547681
32548176
32548671
32615487
32617485
32617584
32618475
32618574
32645187
32647185
32647581
32648175
32648571
32657184
32657481
32658174
32658471
32715486
32716485
32716584
32718465
32718564
32745186
32746185
32746581
32748165
32748561
32756184
32756481
32758164
32758461
32768154
32768451
32815476
32816475
32816574
32817465
32817564
32845176
32846175
32846571
32847165
32847561
32856174
32856471
32857164
32857461
32867154
32867451
34152768
34152867
34162758
34162857
34165728
34165827
34172658
34172856
34175628
34175826
34176825
34182657
34182756
34185627
34185726
34186725
34251768
34251867
34261758
34261857
34265718
34265817
34271658
34271856
34275618
34275816
34276815
34281657
34281756
34285617
34285716
34286715
35142768
35142867
35162748
35162847
35164728
35164827
35172648
35172846
35174628
35174826
35176824
35182647
35182746
35184627
35184726
35186724
35241768
35241867
35261748
35261847
35264718
35264817
35271648
35271846
35274618
35274816
35276814
35281647
35281746
35284617
35284716
35286714
35461728
35461827
35462718
35462817
35471628
35471826
35472618
35472816
35476812
35481627
35481726
35482617
35482716
35486712
36142758
36142857
36152748
36152847
36154728
36154827
36172548
36172845
36174528
36174825
36175824
36182547
36182745
36184527
36184725
36185724
36241758
36241857
36251748
36251847
36254718
36254817
36271548
36271845
36274518
36274815
36275814
36281547
36281745
36284517
36284715
36285714
36451728
36451827
36452718
36452817
36471528
36471825
36472518
36472815
36475812
36481527
36481725
36482517
36482715
36485712
36571428
36571824
36572418
36572814
36574812
36581427
36581724
36582417
36582714
36584712
37142658
37142856
37152648
37152846
37154628
37154826
37162548
37162845
37164528
37164825
37165824
37182546
37182645
37184526
37184625
37185624
37241658
37241856
37251648
37251846
37254618
37254816
37261548
37261845
37264518
37264815
37265814
37281546
37281645
37284516
37284615
37285614
37451628
37451826
37452618
37452816
37461528
37461825
37462518
37462815
37465812
37481526
37481625
37482516
37482615
37485612
37561428
37561824
37562418
37562814
37564812
37581426
37581624
37582416
37582614
37584612
37681425
37681524
37682415
37682514
37684512
38142657
38142756
38152647
38152746
38154627
38154726
38162547
38162745
38164527
38164725
38165724
38172546
38172645
38174526
38174625
38175624
38241657
38241756
38251647
38251746
38254617
38254716
38261547
38261745
38264517
38264715
38265714
38271546
38271645
38274516
38274615
38275614
38451627
38451726
38452617
38452716
38461527
38461725
38462517
38462715
38465712
38471526
38471625
38472516
38472615
38475612
38561427
38561724
38562417
38562714
38564712
38571426
38571624
38572416
38572614
38574612
38671425
38671524
38672415
38672514
38674512
41326587
41327586
41327685
41328576
41328675
41526387
41527386
41527683
41528376
41528673
41536287
41537286
41537682
41538276
41538672
41625387
41627385
41627583
41628375
41628573
41635287
41637285
41637582
41638275
41638572
41657283
41657382
41658273
41658372
41725386
41726385
41726583
41728365
41728563
41735286
41736285
41736582
41738265
41738562
41756283
41756382
41758263
41758362
41768253
41768352
41825376
41826375
41826573
41827365
41827563
41835276
41836275
41836572
41837265
41837562
41856273
41856372
41857263
41857362
41867253
41867352
42316587
42317586
42317685
42318576
42318675
42516387
42517386
42517683
42518376
42518673
42536187
42537186
42537681
42538176
42538671
42615387
42617385
42617583
42618375
42618573
42635187
42637185
42637581
42638175
42638571
42657183
42657381
42658173
42658371
42715386
42716385
42716583
42718365
42718563
42735186
42736185
42736581
42738165
42738561
42756183
42756381
42758163
42758361
42768153
42768351
42815376
42816375
42816573
42817365
42817563
42835176
42836175
42836571
42837165
42837561
42856173
42856371
42857163
42857361
42867153
42867351
43516287
43517286
43517682
43518276
43518672
43526187
43527186
43527681
43528176
43528671
43615287
43617285
43617582
43618275
43618572
43625187
43627185
43627581
43628175
43628571
43657182
43657281
43658172
43658271
43715286
43716285
43716582
43718265
43718562
43725186
43726185
43726581
43728165
43728561
43756182
43756281
43758162
43758261
43768152
43768251
43815276
43816275
43816572
43817265
43817562
43825176
43826175
43826571
43827165
43827561
43856172
43856271
43857162
43857261
43867152
43867251
45132768
45132867
45162738
45162837
45163728
45163827
45172638
45172836
45173628
45173826
45176823
45182637
45182736
45183627
45183726
45186723
45231768
45231867
45261738
45261837
45263718
45263817
45271638
45271836
45273618
45273816
45276813
45281637
45281736
45283617
45283716
45286713
45361728
45361827
45362718
45362817
45371628
45371826
45372618
45372816
45376812
45381627
45381726
45382617
45382716
45386712
46132758
46132857
46152738
46152837
46153728
46153827
46172538
46172835
46173528
46173825
46175823
46182537
46182735
46183527
46183725
46185723
46231758
46231857
46251738
46251837
46253718
46253817
46271538
46271835
46273518
46273815
46275813
46281537
46281735
46283517
46283715
46285713
46351728
46351827
46352718
46352817
46371528
46371825
46372518
46372815
46375812
46381527
46381725
46382517
46382715
46385712
46571328
46571823
46572318
46572813
46573812
46581327
46581723
46582317
46582713
46583712
47132658
47132856
47152638
47152836
47153628
47153826
47162538
47162835
47163528
47163825
47165823
47182536
47182635
47183526
47183625
47185623
47231658
47231856
47251638
47251836
47253618
47253816
47261538
47261835
47263518
47263815
47265813
47281536
47281635
47283516
47283615
47285613
47351628
47351826
47352618
47352816
47361528
47361825
47362518
47362815
47365812
47381526
47381625
47382516
47382615
47385612
47561328
47561823
47562318
47562813
47563812
47581326
47581623
47582316
47582613
47583612
47681325
47681523
47682315
47682513
47683512
48132657
48132756
48152637
48152736
48153627
48153726
48162537
48162735
48163527
48163725
48165723
48172536
48172635
48173526
48173625
48175623
48231657
48231756
48251637
48251736
48253617
48253716
48261537
48261735
48263517
48263715
48265713
48271536
48271635
48273516
48273615
48275613
48351627
48351726
48352617
48352716
48361527
48361725
48362517
48362715
48365712
48371526
48371625
48372516
48372615
48375612
48561327
48561723
48562317
48562713
48563712
48571326
48571623
48572316
48572613
48573612
48671325
48671523
48672315
48672513
48673512
51326487
51327486
51327684
51328476
51328674
51426387
51427386
51427683
51428376
51428673
51436287
51437286
51437682
51438276
51438672
51624387
51627384
51627483
51628374
51628473
51634287
51637284
51637482
51638274
51638472
51647283
51647382
51648273
51648372
51724386
51726384
51726483
51728364
51728463
51734286
51736284
51736482
51738264
51738462
51746283
51746382
51748263
51748362
51768243
51768342
51824376
51826374
51826473
51827364
51827463
51834276
51836274
51836472
51837264
51837462
51846273
51846372
51847263
51847362
51867243
51867342
52316487
52317486
52317684
52318476
52318674
52416387
52417386
52417683
52418376
52418673
52436187
52437186
52437681
52438176
52438671
52614387
52617384
52617483
52618374
52618473
52634187
52637184
52637481
52638174
52638471
52647183
52647381
52648173
52648371
52714386
52716384
52716483
52718364
52718463
52734186
52736184
52736481
52738164
52738461
52746183
52746381
52748163
52748361
52768143
52768341
52814376
52816374
52816473
52817364
52817463
52834176
52836174
52836471
52837164
52837461
52846173
52846371
52847163
52847361
52867143
52867341
53416287
53417286
53417682
53418276
53418672
53426187
53427186
53427681
53428176
53428671
53614287
53617284
53617482
53618274
53618472
53624187
53627184
53627481
53628174
53628471
53647182
53647281
53648172
53648271
53714286
53716284
53716482
53718264
53718462
53724186
53726184
53726481
53728164
53728461
53746182
53746281
53748162
53748261
53768142
53768241
53814276
53816274
53816472
53817264
53817462
53824176
53826174
53826471
53827164
53827461
53846172
53846271
53847162
53847261
53867142
53867241
54613287
54617283
54617382
54618273
54618372
54623187
54627183
54627381
54628173
54628371
54637182
54637281
54638172
54638271
54713286
54716283
54716382
54718263
54718362
54723186
54726183
54726381
54728163
54728361
54736182
54736281
54738162
54738261
54768132
54768231
54813276
54816273
54816372
54817263
54817362
54823176
54826173
54826371
54827163
54827361
54836172
54836271
54837162
54837261
54867132
54867231
56132748
56132847
56142738
56142837
56143728
56143827
56172438
56172834
56173428
56173824
56174823
56182437
56182734
56183427
56183724
56184723
56231748
56231847
56241738
56241837
56243718
56243817
56271438
56271834
56273418
56273814
56274813
56281437
56281734
56283417
56283714
56284713
56341728
56341827
56342718
56342817
56371428
56371824
56372418
56372814
56374812
56381427
56381724
56382417
56382714
56384712
56471328
56471823
56472318
56472813
56473812
56481327
56481723
56482317
56482713
56483712
57132648
57132846
57142638
57142836
57143628
57143826
57162438
57162834
57163428
57163824
57164823
57182436
57182634
57183426
57183624
57184623
57231648
57231846
57241638
57241836
57243618
57243816
57261438
57261834
57263418
57263814
57264813
57281436
57281634
57283416
57283614
57284613
57341628
57341826
57342618
57342816
57361428
57361824
57362418
57362814
57364812
57381426
57381624
57382416
57382614
57384612
57461328
57461823
57462318
57462813
57463812
57481326
57481623
57482316
57482613
57483612
57681324
57681423
57682314
57682413
57683412
58132647
58132746
58142637
58142736
58143627
58143726
58162437
58162734
58163427
58163724
58164723
58172436
58172634
58173426
58173624
58174623
58231647
58231746
58241637
58241736
58243617
58243716
58261437
58261734
58263417
58263714
58264713
58271436
58271634
58273416
58273614
58274613
58341627
58341726
58342617
58342716
58361427
58361724
58362417
58362714
58364712
58371426
58371624
58372416
58372614
58374612
58461327
58461723
58462317
58462713
58463712
58471326
58471623
58472316
58472613
58473612
58671324
58671423
58672314
58672413
58673412
61325487
61327485
61327584
61328475
61328574
61425387
61427385
61427583
61428375
61428573
61435287
61437285
61437582
61438275
61438572
61524387
61527384
61527483
61528374
61528473
61534287
61537284
61537482
61538274
61538472
61547283
61547382
61548273
61548372
61724385
61725384
61725483
61728354
61728453
61734285
61735284
61735482
61738254
61738452
61745283
61745382
61748253
61748352
61758243
61758342
61824375
61825374
61825473
61827354
61827453
61834275
61835274
61835472
61837254
61837452
61845273
61845372
61847253
61847352
61857243
61857342
62315487
62317485
62317584
62318475
62318574
62415387
62417385
62417583
62418375
62418573
62435187
62437185
62437581
62438175
62438571
62514387
62517384
62517483
62518374
62518473
62534187
62537184
62537481
62538174
62538471
62547183
62547381
62548173
62548371
62714385
62715384
62715483
62718354
62718453
62734185
62735184
62735481
62738154
62738451
62745183
62745381
62748153
62748351
62758143
62758341
62814375
62815374
62815473
62817354
62817453
62834175
62835174
62835471
62837154
62837451
62845173
62845371
62847153
62847351
62857143
62857341
63415287
63417285
63417582
63418275
63418572
63425187
63427185
63427581
63428175
63428571
63514287
63517284
63517482
63518274
63518472
63524187
63527184
63527481
63528174
63528471
63547182
63547281
63548172
63548271
63714285
63715284
63715482
63718254
63718452
63724185
63725184
63725481
63728154
63728451
63745182
63745281
63748152
63748251
63758142
63758241
63814275
63815274
63815472
63817254
63817452
63824175
63825174
63825471
63827154
63827451
63845172
63845271
63847152
63847251
63857142
63857241
64513287
64517283
64517382
64518273
64518372
64523187
64527183
64527381
64528173
64528371
64537182
64537281
64538172
64538271
64713285
64715283
64715382
64718253
64718352
64723185
64725183
64725381
64728153
64728351
64735182
64735281
64738152
64738251
64758132
64758231
64813275
64815273
64815372
64817253
64817352
64823175
64825173
64825371
64827153
64827351
64835172
64835271
64837152
64837251
64857132
64857231
65713284
65714283
65714382
65718243
65718342
65723184
65724183
65724381
65728143
65728341
65734182
65734281
65738142
65738241
65748132
65748231
65813274
65814273
65814372
65817243
65817342
65823174
65824173
65824371
65827143
65827341
65834172
65834271
65837142
65837241
65847132
65847231
67132548
67132845
67142538
67142835
67143528
67143825
67152438
67152834
67153428
67153824
67154823
67182435
67182534
67183425
67183524
67184523
67231548
67231845
67241538
67241835
67243518
67243815
67251438
67251834
67253418
67253814
67254813
67281435
67281534
67283415
67283514
67284513
67341528
67341825
67342518
67342815
67351428
67351824
67352418
67352814
67354812
67381425
67381524
67382415
67382514
67384512
67451328
67451823
67452318
67452813
67453812
67481325
67481523
67482315
67482513
67483512
67581324
67581423
67582314
67582413
67583412
68132547
68132745
68142537
68142735
68143527
68143725
68152437
68152734
68153427
68153724
68154723
68172435
68172534
68173425
68173524
68174523
68231547
68231745
68241537
68241735
68243517
68243715
68251437
68251734
68253417
68253714
68254713
68271435
68271534
68273415
68273514
68274513
68341527
68341725
68342517
68342715
68351427
68351724
68352417
68352714
68354712
68371425
68371524
68372415
68372514
68374512
68451327
68451723
68452317
68452713
68453712
68471325
68471523
68472315
68472513
68473512
68571324
68571423
68572314
68572413
68573412
71325486
71326485
71326584
71328465
71328564
71425386
71426385
71426583
71428365
71428563
71435286
71436285
71436582
71438265
71438562
71524386
71526384
71526483
71528364
71528463
71534286
71536284
71536482
71538264
71538462
71546283
71546382
71548263
71548362
71624385
71625384
71625483
71628354
71628453
71634285
71635284
71635482
71638254
71638452
71645283
71645382
71648253
71648352
71658243
71658342
71824365
71825364
71825463
71826354
71826453
71834265
71835264
71835462
71836254
71836452
71845263
71845362
71846253
71846352
71856243
71856342
72315486
72316485
72316584
72318465
72318564
72415386
72416385
72416583
72418365
72418563
72435186
72436185
72436581
72438165
72438561
72514386
72516384
72516483
72518364
72518463
72534186
72536184
72536481
72538164
72538461
72546183
72546381
72548163
72548361
72614385
72615384
72615483
72618354
72618453
72634185
72635184
72635481
72638154
72638451
72645183
72645381
72648153
72648351
72658143
72658341
72814365
72815364
72815463
72816354
72816453
72834165
72835164
72835461
72836154
72836451
72845163
72845361
72846153
72846351
72856143
72856341
73415286
73416285
73416582
73418265
73418562
73425186
73426185
73426581
73428165
73428561
73514286
73516284
73516482
73518264
73518462
73524186
73526184
73526481
73528164
73528461
73546182
73546281
73548162
73548261
73614285
73615284
73615482
73618254
73618452
73624185
73625184
73625481
73628154
73628451
73645182
73645281
73648152
73648251
73658142
73658241
73814265
73815264
73815462
73816254
73816452
73824165
73825164
73825461
73826154
73826451
73845162
73845261
73846152
73846251
73856142
73856241
74513286
74516283
74516382
74518263
74518362
74523186
74526183
74526381
74528163
74528361
74536182
74536281
74538162
74538261
74613285
74615283
74615382
74618253
74618352
74623185
74625183
74625381
74628153
74628351
74635182
74635281
74638152
74638251
74658132
74658231
74813265
74815263
74815362
74816253
74816352
74823165
74825163
74825361
74826153
74826351
74835162
74835261
74836152
74836251
74856132
74856231
75613284
75614283
75614382
75618243
75618342
75623184
75624183
75624381
75628143
75628341
75634182
75634281
75638142
75638241
75648132
75648231
75813264
75814263
75814362
75816243
75816342
75823164
75824163
75824361
75826143
75826341
75834162
75834261
75836142
75836241
75846132
75846231
76813254
76814253
76814352
76815243
76815342
76823154
76824153
76824351
76825143
76825341
76834152
76834251
76835142
76835241
76845132
76845231
78132546
78132645
78142536
78142635
78143526
78143625
78152436
78152634
78153426
78153624
78154623
78162435
78162534
78163425
78163524
78164523
78231546
78231645
78241536
78241635
78243516
78243615
78251436
78251634
78253416
78253614
78254613
78261435
78261534
78263415
78263514
78264513
78341526
78341625
78342516
78342615
78351426
78351624
78352416
78352614
78354612
78361425
78361524
78362415
78362514
78364512
78451326
78451623
78452316
78452613
78453612
78461325
78461523
78462315
78462513
78463512
78561324
78561423
78562314
78562413
78563412
81325476
81326475
81326574
81327465
81327564
81425376
81426375
81426573
81427365
81427563
81435276
81436275
81436572
81437265
81437562
81524376
81526374
81526473
81527364
81527463
81534276
81536274
81536472
81537264
81537462
81546273
81546372
81547263
81547362
81624375
81625374
81625473
81627354
81627453
81634275
81635274
81635472
81637254
81637452
81645273
81645372
81647253
81647352
81657243
81657342
81724365
81725364
81725463
81726354
81726453
81734265
81735264
81735462
81736254
81736452
81745263
81745362
81746253
81746352
81756243
81756342
82315476
82316475
82316574
82317465
82317564
82415376
82416375
82416573
82417365
82417563
82435176
82436175
82436571
82437165
82437561
82514376
82516374
82516473
82517364
82517463
82534176
82536174
82536471
82537164
82537461
82546173
82546371
82547163
82547361
82614375
82615374
82615473
82617354
82617453
82634175
82635174
82635471
82637154
82637451
82645173
82645371
82647153
82647351
82657143
82657341
82714365
82715364
82715463
82716354
82716453
82734165
82735164
82735461
82736154
82736451
82745163
82745361
82746153
82746351
82756143
82756341
83415276
83416275
83416572
83417265
83417562
83425176
83426175
83426571
83427165
83427561
83514276
83516274
83516472
83517264
83517462
83524176
83526174
83526471
83527164
83527461
83546172
83546271
83547162
83547261
83614275
83615274
83615472
83617254
83617452
83624175
83625174
83625471
83627154
83627451
83645172
83645271
83647152
83647251
83657142
83657241
83714265
83715264
83715462
83716254
83716452
83724165
83725164
83725461
83726154
83726451
83745162
83745261
83746152
83746251
83756142
83756241
84513276
84516273
84516372
84517263
84517362
84523176
84526173
84526371
84527163
84527361
84536172
84536271
84537162
84537261
84613275
84615273
84615372
84617253
84617352
84623175
84625173
84625371
84627153
84627351
84635172
84635271
84637152
84637251
84657132
84657231
84713265
84715263
84715362
84716253
84716352
84723165
84725163
84725361
84726153
84726351
84735162
84735261
84736152
84736251
84756132
84756231
85613274
85614273
85614372
85617243
85617342
85623174
85624173
85624371
85627143
85627341
85634172
85634271
85637142
85637241
85647132
85647231
85713264
85714263
85714362
85716243
85716342
85723164
85724163
85724361
85726143
85726341
85734162
85734261
85736142
85736241
85746132
85746231
86713254
86714253
86714352
86715243
86715342
86723154
86724153
86724351
86725143
86725341
86734152
86734251
86735142
86735241
86745132
86745231
