132546
132645
142536
142635
143526
143625
152436
152634
153426
153624
154623
162435
162534
163425
163524
164523
214365
215364
215463
216354
216453
231546
231645
241536
241635
243516
243615
251436
251634
253416
253614
254613
261435
261534
263415
263514
264513
314265
315264
315462
316254
316452
324165
325164
325461
326154
326451
341526
341625
342516
342615
351426
351624
352416
352614
354612
361425
361524
362415
362514
364512
413265
415263
415362
416253
416352
423165
425163
425361
426153
426351
435162
435261
436152
436251
451326
451623
452316
452613
453612
461325
461523
462315
462513
463512
513264
514263
514362
516243
516342
523164
524163
524361
526143
526341
534162
534261
536142
536241
546132
546231
561324
561423
562314
562413
563412
613254
614253
614352
615243
615342
623154
624153
624351
625143
625341
634152
634251
635142
635241
645132
645231
