1325476
1326475
1326574
1327465
1327564
1425376
1426375
1426573
1427365
1427563
1435276
1436275
1436572
1437265
1437562
1524376
1526374
1526473
1527364
1527463
1534276
1536274
1536472
1537264
1537462
1546273
1546372
1547263
1547362
1624375
1625374
1625473
1627354
1627453
1634275
1635274
1635472
1637254
1637452
1645273
1645372
1647253
1647352
1657243
1657342
1724365
1725364
1725463
1726354
1726453
1734265
1735264
1735462
1736254
1736452
1745263
1745362
1746253
1746352
1756243
1756342
2143657
2143756
2153647
2153746
2154637
2154736
2163547
2163745
2164537
2164735
2165734
2173546
2173645
2174536
2174635
2175634
2315476
2316475
2316574
2317465
2317564
2415376
2416375
2416573
2417365
2417563
2435176
2436175
2436571
2437165
2437561
2514376
2516374
2516473
2517364
2517463
2534176
2536174
2536471
2537164
2537461
2546173
2546371
2547163
2547361
2614375
2615374
2615473
2617354
2617453
2634175
2635174
2635471
2637154
2637451
2645173
2645371
2647153
2647351
2657143
2657341
2714365
2715364
2715463
2716354
2716453
2734165
2735164
2735461
2736154
2736451
2745163
2745361
2746153
2746351
2756143
2756341
3142657
3142756
3152647
3152746
3154627
3154726
3162547
3162745
3164527
3164725
3165724
3172546
3172645
3174526
3174625
3175624
3241657
3241756
3251647
3251746
3254617
3254716
3261547
3261745
3264517
3264715
3265714
3271546
3271645
3274516
3274615
3275614
3415276
3416275
3416572
3417265
3417562
3425176
3426175
3426571
3427165
3427561
3514276
3516274
3516472
3517264
3517462
3524176
3526174
3526471
3527164
3527461
3546172
3546271
3547162
3547261
3614275
3615274
3615472
3617254
3617452
3624175
3625174
3625471
3627154
3627451
3645172
3645271
3647152
3647251
3657142
3657241
3714265
3715264
3715462
3716254
3716452
3724165
3725164
3725461
3726154
3726451
3745162
3745261
3746152
3746251
3756142
3756241
4132657
4132756
4152637
4152736
4153627
4153726
4162537
4162735
4163527
4163725
4165723
4172536
4172635
4173526
4173625
4175623
4231657
4231756
4251637
4251736
4253617
4253716
4261537
4261735
4263517
4263715
4265713
4271536
4271635
4273516
4273615
4275613
4351627
4351726
4352617
4352716
4361527
4361725
4362517
4362715
4365712
4371526
4371625
4372516
4372615
4375612
4513276
4516273
4516372
4517263
4517362
4523176
4526173
4526371
4527163
4527361
4536172
4536271
4537162
4537261
4613275
4615273
4615372
4617253
4617352
4623175
4625173
4625371
4627153
4627351
4635172
4635271
4637152
4637251
4657132
4657231
4713265
4715263
4715362
4716253
4716352
4723165
4725163
4725361
4726153
4726351
4735162
4735261
4736152
4736251
4756132
4756231
5132647
5132746
5142637
5142736
5143627
5143726
5162437
5162734
5163427
5163724
5164723
5172436
5172634
5173426
5173624
5174623
5231647
5231746
5241637
5241736
5243617
5243716
5261437
5261734
5263417
5263714
5264713
5271436
5271634
5273416
5273614
5274613
5341627
5341726
5342617
5342716
5361427
5361724
5362417
5362714
5364712
5371426
5371624
5372416
5372614
5374612
5461327
5461723
5462317
5462713
5463712
5471326
5471623
5472316
5472613
5473612
5613274
5614273
5614372
5617243
5617342
5623174
5624173
5624371
5627143
5627341
5634172
5634271
5637142
5637241
5647132
5647231
5713264
5714263
5714362
5716243
5716342
5723164
5724163
5724361
5726143
5726341
5734162
5734261
5736142
5736241
5746132
5746231
6132547
6132745
6142537
6142735
6143527
6143725
6152437
6152734
6153427
6153724
6154723
6172435
6172534
6173425
6173524
6174523
6231547
6231745
6241537
6241735
6243517
6243715
6251437
6251734
6253417
6253714
6254713
6271435
6271534
6273415
6273514
6274513
6341527
6341725
6342517
6342715
6351427
6351724
6352417
6352714
6354712
6371425
6371524
6372415
6372514
6374512
6451327
6451723
6452317
6452713
6453712
6471325
6471523
6472315
6472513
6473512
6571324
6571423
6572314
6572413
6573412
6713254
6714253
6714352
6715243
6715342
6723154
6724153
6724351
6725143
6725341
6734152
6734251
6735142
6735241
6745132
6745231
7132546
7132645
7142536
7142635
7143526
7143625
7152436
7152634
7153426
7153624
7154623
7162435
7162534
7163425
7163524
7164523
7231546
7231645
7241536
7241635
7243516
7243615
7251436
7251634
7253416
7253614
7254613
7261435
7261534
7263415
7263514
7264513
7341526
7341625
7342516
7342615
7351426
7351624
7352416
7352614
7354612
7361425
7361524
7362415
7362514
7364512
7451326
7451623
7452316
7452613
7453612
7461325
7461523
7462315
7462513
7463512
7561324
7561423
7562314
7562413
7563412
