125 125 125 125
126 125 125 125
127 126 126 126
128 128 127 127
129 129 128 128
129 129 129 129
131 130 130 130
131 131 131 131
132 132 132 132
133 133 133 133
134 134 134 134
135 135 135 134
135 135 135 135
135 135 135 135
137 136 136 136
138 138 137 137
139 139 139 138
140 140 139 139
141 140 140 140
142 142 142 141
142 142 142 142
143 143 143 143
143 143 143 143
144 144 143 143
146 144 144 144
146 146 146 146
147 147 147 147
147 147 147 147
148 148 148 148
148 148 148 148
150 149 149 149
150 150 150 150
151 151 151 150
151 151 151 151
152 152 152 151
153 153 152 152
154 154 154 153
155 155 154 154
156 155 155 155
157 157 156 156
158 158 158 157
158 158 158 158
159 159 159 158
160 159 159 159
160 160 160 160
161 161 161 160
162 161 161 161
163 162 162 162
163 163 163 163
164 164 164 164
165 165 164 164
166 165 165 165
167 166 166 166
168 167 167 167
168 168 168 168
169 169 168 168
170 170 170 169
170 170 170 170
172 171 171 170
172 172 172 172
173 173 173 173
174 174 174 173
175 175 174 174
176 176 176 175
177 177 177 176
178 178 178 177
179 179 179 179
180 180 180 179
180 180 180 180
181 181 181 180
181 181 181 181
182 182 181 181
182 182 182 182
182 182 182 182
183 183 183 183
184 184 184 184
185 184 184 184
185 185 185 185
186 186 186 185
186 186 186 186
188 187 187 186
188 188 188 188
189 189 189 188
190 189 189 189
191 190 190 190
191 191 191 191
191 191 191 191
192 192 191 191
193 193 192 192
194 194 194 193
195 194 194 194
196 196 195 195
197 197 197 196
199 198 198 197
200 199 199 199
201 201 200 200
202 202 201 201
202 202 202 202
204 204 203 202
205 205 205 204
